Handling lib "rpc-loopback"...
Handling lib "http-server"...
Handling lib "vfs-Target  is built successfully
 "spi"...
Handling lib "rpc-uart"...
Handling lib "rpc-service-fs"...
Handling lib "mqtt"...
Handling lib "rpc-service-config"...
Handling lib "mjs"...
Handling lib "wifi"...
The --lib flag was not given for it, checking repository
The --lib flag was not given for it, checking repository
The --lib flag was not given for it, checking repository
The --lib flag was not given for it, checking repository
The --lib flag was not given for it, checking repository
Repository "/fwbuild-volumes/latest/apps/openhab_sonoff_basic/esp8266/build_contexts/build_ctx_096494454/libs/spi" does not exist, cloning...

Repository "/fwbuild-volumes/latest/apps/openhab_sonoff_basic/esp8266/build_contexts/build_ctx_096494454/libs/vfs-dev-spi-flash" does not exist, cloning...

Repository "/fwbuild-volumes/latest/apps/openhab_sonoff_basic/esp8266/build_contexts/build_ctx_096494454/libs/rpc-loopback" does not exist, cloning...

Repository "/fwbuild-volumes/latest/apps/openhab_sonoff_basic/esp8266/build_contexts/build_ctx_096494454/libs/rpc-uart" does not exist, cloning...

The --lib flag was not given for it, checking repository
Repository "/fwbuild-volumes/latest/apps/openhab_sonoff_basic/esp8266/build_contexts/build_ctx_096494454/libs/http-server" does not exist, cloning...

The --lib flag was not given for it, checking repository
Repository "/fwbuild-volumes/latest/apps/openhab_sonoff_basic/esp8266/build_contexts/build_ctx_096494454/libs/rpc-service-fs" does not exist, cloning...

The --lib flag was not given for it, checking repository
Repository "/fwbuild-volumes/latest/apps/openhab_sonoff_basic/esp8266/build_contexts/build_ctx_096494454/libs/mqtt" does not exist, cloning...

Repository "/fwbuild-volumes/latest/apps/openhab_sonoff_basic/esp8266/build_contexts/build_ctx_096494454/libs/mjs" does not exist, cloning...

The --lib flag was not given for it, checking repository
The --lib flag was not given for it, checking repository
Repository "/fwbuild-volumes/latest/apps/openhab_sonoff_basic/esp8266/build_contexts/build_ctx_096494454/libs/rpc-service-config" does not exist, cloning...

Repository "/fwbuild-volumes/latest/apps/openhab_sonoff_basic/esp8266/build_contexts/build_ctx_096494454/libs/wifi" does not exist, cloning...

Repository "/fwbuild-volumes/latest/apps/openhab_sonoff_basic/esp8266/build_contexts/build_ctx_096494454/libs/http-server" is updated recently enough, don't touch it
Hash is updated: "" -> "6742cb652b8cab6098332379d1ec4917cdced04e"
Repository "/fwbuild-volumes/latest/apps/openhab_sonoff_basic/esp8266/build_contexts/build_ctx_096494454/libs/wifi" is updated recently enough, don't touch it
Hash is updated: "" -> "c2cedad5e36c88223e28433d69b5f2e6fbcf2160"
Repository "/fwbuild-volumes/latest/apps/openhab_sonoff_basic/esp8266/build_contexts/build_ctx_096494454/libs/mjs" is updated recently enough, don't touch it
Hash is updated: "" -> "5c7f5d7fb9aa752db15adb06c147d5224e066699"
Repository "/fwbuild-volumes/latest/apps/openhab_sonoff_basic/esp8266/build_contexts/build_ctx_096494454/libs/rpc-uart" is updated recently enough, don't touch it
Hash is updated: "" -> "34172b50026edc9e8db182badf0342595caa3aee"
Repository "/fwbuild-volumes/latest/apps/openhab_sonoff_basic/esp8266/build_contexts/build_ctx_096494454/libs/rpc-loopback" is updated recently enough, don't touch it
Hash is updated: "" -> "bc1902251870e441b2606745123467b212dd9828"
Repository "/fwbuild-volumes/latest/apps/openhab_sonoff_basic/esp8266/build_contexts/build_ctx_096494454/libs/rpc-service-config" is updated recently enough, don't touch it
Hash is updated: "" -> "d4b71ec98798235ad4a424d3803c212ed9719f58"
Repository "/fwbuild-volumes/latest/apps/openhab_sonoff_basic/esp8266/build_contexts/build_ctx_096494454/libs/rpc-service-fs" is updated recently enough, don't touch it
Hash is updated: "" -> "f18e5ed1bd68a8f4662066acbfc9e9609cfe5644"
Repository "/fwbuild-volumes/latest/apps/openhab_sonoff_basic/esp8266/build_contexts/build_ctx_096494454/libs/vfs-dev-spi-flash" is updated recently enough, don't touch it
Hash is updated: "" -> "dd1b787520fda33692ec005008ac28f4b13cb450"
Repository "/fwbuild-volumes/latest/apps/openhab_sonoff_basic/esp8266/build_contexts/build_ctx_096494454/libs/mqtt" is updated recently enough, don't touch it
Hash is updated: "" -> "0d1eb789139a54e038d6285d15cbf7bdc3e78ba7"
Repository "/fwbuild-volumes/latest/apps/openhab_sonoff_basic/esp8266/build_contexts/build_ctx_096494454/libs/spi" is updated recently enough, don't touch it
Hash is updated: "" -> "e3333ea42acf78b113e7f93d92f32970d71d167e"
Falling back to sources for "http-server" (failed to fetch prebuilt binary: got 404 status code when accessed https://github.com/mongoose-os-libs/http-server/releases/download/latest/libhttp-server-esp8266.a)
Prepared local dir: "/fwbuild-volumes/latest/apps/openhab_sonoff_basic/esp8266/build_contexts/build_ctx_096494454/libs/http-server"
Lib "atca" is optional, skipping
Lib "ethernet" is optional, skipping
Lib "wifi" is optional, skipping
Falling back to sources for "wifi" (failed to fetch prebuilt binary: got 404 status code when accessed https://github.com/mongoose-os-libs/wifi/releases/download/latest/libwifi-esp8266.a)
Prepared local dir: "/fwbuild-volumes/latest/apps/openhab_sonoff_basic/esp8266/build_contexts/build_ctx_096494454/libs/wifi"
Falling back to sources for "mjs" (failed to fetch prebuilt binary: got 404 status code when accessed https://github.com/mongoose-os-libs/mjs/releases/download/latest/libmjs-esp8266.a)
Prepared local dir: "/fwbuild-volumes/latest/apps/openhab_sonoff_basic/esp8266/build_contexts/build_ctx_096494454/libs/mjs"
Falling back to sources for "rpc-service-config" (failed to fetch prebuilt binary: got 404 status code when accessed https://github.com/mongoose-os-libs/rpc-service-config/releases/download/latest/librpc-service-config-esp8266.a)
Prepared local dir: "/fwbuild-volumes/latest/apps/openhab_sonoff_basic/esp8266/build_contexts/build_ctx_096494454/libs/rpc-service-config"
Handling lib "rpc-common"...
The --lib flag was not given for it, checking repository
Repository "/fwbuild-volumes/latest/apps/openhab_sonoff_basic/esp8266/build_contexts/build_ctx_096494454/libs/rpc-common" does not exist, cloning...

Successfully fetched prebuilt binary for "rpc-loopback" to "/fwbuild-volumes/latest/apps/openhab_sonoff_basic/esp8266/build_contexts/build_ctx_096494454/libs/rpc-loopback/lib/esp8266/librpc-loopback.a"
Prepared local dir: "/fwbuild-volumes/latest/apps/openhab_sonoff_basic/esp8266/build_contexts/build_ctx_096494454/libs/rpc-loopback"
Lib "rpc-common" is already handled, skipping
Successfully fetched prebuilt binary for "rpc-uart" to "/fwbuild-volumes/latest/apps/openhab_sonoff_basic/esp8266/build_contexts/build_ctx_096494454/libs/rpc-uart/lib/esp8266/librpc-uart.a"
Prepared local dir: "/fwbuild-volumes/latest/apps/openhab_sonoff_basic/esp8266/build_contexts/build_ctx_096494454/libs/rpc-uart"
Lib "rpc-common" is already handled, skipping
Successfully fetched prebuilt binary for "vfs-dev-spi-flash" to "/fwbuild-volumes/latest/apps/openhab_sonoff_basic/esp8266/build_contexts/build_ctx_096494454/libs/vfs-dev-spi-flash/lib/esp8266/libvfs-dev-spi-flash.a"
Prepared local dir: "/fwbuild-volumes/latest/apps/openhab_sonoff_basic/esp8266/build_contexts/build_ctx_096494454/libs/vfs-dev-spi-flash"
Lib "spi" is already handled, skipping
Successfully fetched prebuilt binary for "rpc-service-fs" to "/fwbuild-volumes/latest/apps/openhab_sonoff_basic/esp8266/build_contexts/build_ctx_096494454/libs/rpc-service-fs/lib/esp8266/librpc-service-fs.a"
Prepared local dir: "/fwbuild-volumes/latest/apps/openhab_sonoff_basic/esp8266/build_contexts/build_ctx_096494454/libs/rpc-service-fs"
Lib "rpc-common" is already handled, skipping
Successfully fetched prebuilt binary for "mqtt" to "/fwbuild-volumes/latest/apps/openhab_sonoff_basic/esp8266/build_contexts/build_ctx_096494454/libs/mqtt/lib/esp8266/libmqtt.a"
Prepared local dir: "/fwbuild-volumes/latest/apps/openhab_sonoff_basic/esp8266/build_contexts/build_ctx_096494454/libs/mqtt"
Successfully fetched prebuilt binary for "spi" to "/fwbuild-volumes/latest/apps/openhab_sonoff_basic/esp8266/build_contexts/build_ctx_096494454/libs/spi/lib/esp8266/libspi.a"
Prepared local dir: "/fwbuild-volumes/latest/apps/openhab_sonoff_basic/esp8266/build_contexts/build_ctx_096494454/libs/spi"
Repository "/fwbuild-volumes/latest/apps/openhab_sonoff_basic/esp8266/build_contexts/build_ctx_096494454/libs/rpc-common" is updated recently enough, don't touch it
Hash is updated: "" -> "03c2c93f9a991a5fb362ea73a9117035497c9334"
Falling back to sources for "rpc-common" (failed to fetch prebuilt binary: got 404 status code when accessed https://github.com/mongoose-os-libs/rpc-common/releases/download/latest/librpc-common-esp8266.a)
Prepared local dir: "/fwbuild-volumes/latest/apps/openhab_sonoff_basic/esp8266/build_contexts/build_ctx_096494454/libs/rpc-common"
Lib "http-server" is optional, skipping
The flag --module is not given for the module "mjs", going to use the repository
Repository "/fwbuild-volumes/latest/apps/openhab_sonoff_basic/esp8266/build_contexts/build_ctx_096494454/modules/mjs-latest" does not exist, cloning...

Repository "/fwbuild-volumes/latest/apps/openhab_sonoff_basic/esp8266/build_contexts/build_ctx_096494454/modules/mjs-latest" is updated recently enough, don't touch it
The flag --repo is not given, going to use mongoose-os repository
Repository "/fwbuild-volumes/latest/apps/openhab_sonoff_basic/esp8266/build_contexts/build_ctx_096494454/modules/mongoose-os-latest" is updated recently enough, don't touch it
Sources: [/fwbuild-volumes/latest/apps/openhab_sonoff_basic/esp8266/build_contexts/build_ctx_096494454/src/main.c /fwbuild-volumes/latest/apps/openhab_sonoff_basic/esp8266/build_contexts/build_ctx_096494454/build/gen/deps_init.c /fwbuild-volumes/latest/apps/openhab_sonoff_basic/esp8266/build_contexts/build_ctx_096494454/libs/wifi/src/mgos_wifi.c /fwbuild-volumes/latest/apps/openhab_sonoff_basic/esp8266/build_contexts/build_ctx_096494454/libs/wifi/src/mjs_wifi.c /fwbuild-volumes/latest/apps/openhab_sonoff_basic/esp8266/build_contexts/build_ctx_096494454/libs/wifi/esp8266/src/esp_wifi.c /fwbuild-volumes/latest/apps/openhab_sonoff_basic/esp8266/build_contexts/build_ctx_096494454/libs/http-server/src/mgos_http_server.c /fwbuild-volumes/latest/apps/openhab_sonoff_basic/esp8266/build_contexts/build_ctx_096494454/libs/mjs/src/mos_mjs.c /fwbuild-volumes/latest/apps/openhab_sonoff_basic/esp8266/build_contexts/build_ctx_096494454/modules/mjs-latest/mjs.c /fwbuild-volumes/latest/apps/openhab_sonoff_basic/esp8266/build_contexts/build_ctx_096494454/libs/mjs/esp8266/src/esp8266_mjs.c /fwbuild-volumes/latest/apps/openhab_sonoff_basic/esp8266/build_contexts/build_ctx_096494454/libs/mqtt/src/mgos_mqtt.c /fwbuild-volumes/latest/apps/openhab_sonoff_basic/esp8266/build_contexts/build_ctx_096494454/libs/rpc-common/src/mg_rpc/mg_rpc.c /fwbuild-volumes/latest/apps/openhab_sonoff_basic/esp8266/build_contexts/build_ctx_096494454/libs/rpc-common/src/mg_rpc/mg_rpc_channel_http.c /fwbuild-volumes/latest/apps/openhab_sonoff_basic/esp8266/build_contexts/build_ctx_096494454/libs/rpc-common/src/mg_rpc/mg_rpc_channel_tcp_common.c /fwbuild-volumes/latest/apps/openhab_sonoff_basic/esp8266/build_contexts/build_ctx_096494454/libs/rpc-common/src/mg_rpc/mg_rpc_channel_ws.c /fwbuild-volumes/latest/apps/openhab_sonoff_basic/esp8266/build_contexts/build_ctx_096494454/libs/rpc-common/src/mgos_rpc.c /fwbuild-volumes/latest/apps/openhab_sonoff_basic/esp8266/build_contexts/build_ctx_096494454/libs/rpc-loopback/src/mg_rpc_channel_loopback.c /fwbuild-volumes/latest/apps/openhab_sonoff_basic/esp8266/build_contexts/build_ctx_096494454/libs/rpc-service-config/src/mgos_service_config.c /fwbuild-volumes/latest/apps/openhab_sonoff_basic/esp8266/build_contexts/build_ctx_096494454/libs/rpc-service-fs/src/mgos_service_filesystem.c /fwbuild-volumes/latest/apps/openhab_sonoff_basic/esp8266/build_contexts/build_ctx_096494454/libs/rpc-uart/src/mgos_rpc_channel_uart.c /fwbuild-volumes/latest/apps/openhab_sonoff_basic/esp8266/build_contexts/build_ctx_096494454/libs/spi/src/mgos_spi.c /fwbuild-volumes/latest/apps/openhab_sonoff_basic/esp8266/build_contexts/build_ctx_096494454/libs/spi/src/mgos_spi_mjs.c /fwbuild-volumes/latest/apps/openhab_sonoff_basic/esp8266/build_contexts/build_ctx_096494454/libs/spi/src/common_gpio/mgos_spi_gpio.c /fwbuild-volumes/latest/apps/openhab_sonoff_basic/esp8266/build_contexts/build_ctx_096494454/libs/vfs-dev-spi-flash/src/mgos_vfs_dev_spi_flash.c]
Include dirs: [/fwbuild-volumes/latest/apps/openhab_sonoff_basic/esp8266/build_contexts/build_ctx_096494454/libs/wifi/include /fwbuild-volumes/latest/apps/openhab_sonoff_basic/esp8266/build_contexts/build_ctx_096494454/libs/http-server/include /fwbuild-volumes/latest/apps/openhab_sonoff_basic/esp8266/build_contexts/build_ctx_096494454/libs/mjs/include /fwbuild-volumes/latest/apps/openhab_sonoff_basic/esp8266/build_contexts/build_ctx_096494454/libs/mqtt/include /fwbuild-volumes/latest/apps/openhab_sonoff_basic/esp8266/build_contexts/build_ctx_096494454/libs/rpc-common/include/mg_rpc /fwbuild-volumes/latest/apps/openhab_sonoff_basic/esp8266/build_contexts/build_ctx_096494454/libs/rpc-common/include /fwbuild-volumes/latest/apps/openhab_sonoff_basic/esp8266/build_contexts/build_ctx_096494454/libs/rpc-loopback/include /fwbuild-volumes/latest/apps/openhab_sonoff_basic/esp8266/build_contexts/build_ctx_096494454/libs/rpc-service-config/include /fwbuild-volumes/latest/apps/openhab_sonoff_basic/esp8266/build_contexts/build_ctx_096494454/libs/rpc-service-fs/include /fwbuild-volumes/latest/apps/openhab_sonoff_basic/esp8266/build_contexts/build_ctx_096494454/libs/rpc-uart/include /fwbuild-volumes/latest/apps/openhab_sonoff_basic/esp8266/build_contexts/build_ctx_096494454/libs/spi/include /fwbuild-volumes/latest/apps/openhab_sonoff_basic/esp8266/build_contexts/build_ctx_096494454/libs/vfs-dev-spi-flash/include]
Binary libs: []
Building...
mount from "/fwbuild-volumes/latest/apps/openhab_sonoff_basic/esp8266/build_contexts/build_ctx_096494454" to "/app"
mount from "/fwbuild-volumes/latest/apps/openhab_sonoff_basic/esp8266/build_contexts/build_ctx_096494454/modules/mongoose-os-latest" to "/mongoose-os"
mount from "/fwbuild-volumes/latest/apps/openhab_sonoff_basic/esp8266/build_contexts/build_ctx_096494454/modules/mongoose-os-latest" to "/fwbuild-volumes/latest/apps/openhab_sonoff_basic/esp8266/build_contexts/build_ctx_096494454/modules/mongoose-os-latest"
mount from "/fwbuild-volumes/latest/apps/openhab_sonoff_basic/esp8266/build_contexts/build_ctx_096494454/build" to "/fwbuild-volumes/latest/apps/openhab_sonoff_basic/esp8266/build_contexts/build_ctx_096494454/build"
mount from "/fwbuild-volumes/latest/apps/openhab_sonoff_basic/esp8266/build_contexts/build_ctx_096494454/src" to "/fwbuild-volumes/latest/apps/openhab_sonoff_basic/esp8266/build_contexts/build_ctx_096494454/src"
mount from "/fwbuild-volumes/latest/apps/openhab_sonoff_basic/esp8266/build_contexts/build_ctx_096494454/build/gen" to "/fwbuild-volumes/latest/apps/openhab_sonoff_basic/esp8266/build_contexts/build_ctx_096494454/build/gen"
mount from "/fwbuild-volumes/latest/apps/openhab_sonoff_basic/esp8266/build_contexts/build_ctx_096494454/libs/wifi/src" to "/fwbuild-volumes/latest/apps/openhab_sonoff_basic/esp8266/build_contexts/build_ctx_096494454/libs/wifi/src"
mount from "/fwbuild-volumes/latest/apps/openhab_sonoff_basic/esp8266/build_contexts/build_ctx_096494454/libs/wifi/esp8266/src" to "/fwbuild-volumes/latest/apps/openhab_sonoff_basic/esp8266/build_contexts/build_ctx_096494454/libs/wifi/esp8266/src"
mount from "/fwbuild-volumes/latest/apps/openhab_sonoff_basic/esp8266/build_contexts/build_ctx_096494454/libs/http-server/src" to "/fwbuild-volumes/latest/apps/openhab_sonoff_basic/esp8266/build_contexts/build_ctx_096494454/libs/http-server/src"
mount from "/fwbuild-volumes/latest/apps/openhab_sonoff_basic/esp8266/build_contexts/build_ctx_096494454/libs/mjs/src" to "/fwbuild-volumes/latest/apps/openhab_sonoff_basic/esp8266/build_contexts/build_ctx_096494454/libs/mjs/src"
mount from "/fwbuild-volumes/latest/apps/openhab_sonoff_basic/esp8266/build_contexts/build_ctx_096494454/modules/mjs-latest" to "/fwbuild-volumes/latest/apps/openhab_sonoff_basic/esp8266/build_contexts/build_ctx_096494454/modules/mjs-latest"
mount from "/fwbuild-volumes/latest/apps/openhab_sonoff_basic/esp8266/build_contexts/build_ctx_096494454/libs/mjs/esp8266/src" to "/fwbuild-volumes/latest/apps/openhab_sonoff_basic/esp8266/build_contexts/build_ctx_096494454/libs/mjs/esp8266/src"
mount from "/fwbuild-volumes/latest/apps/openhab_sonoff_basic/esp8266/build_contexts/build_ctx_096494454/libs/mqtt/src" to "/fwbuild-volumes/latest/apps/openhab_sonoff_basic/esp8266/build_contexts/build_ctx_096494454/libs/mqtt/src"
mount from "/fwbuild-volumes/latest/apps/openhab_sonoff_basic/esp8266/build_contexts/build_ctx_096494454/libs/rpc-common/src/mg_rpc" to "/fwbuild-volumes/latest/apps/openhab_sonoff_basic/esp8266/build_contexts/build_ctx_096494454/libs/rpc-common/src/mg_rpc"
mount from "/fwbuild-volumes/latest/apps/openhab_sonoff_basic/esp8266/build_contexts/build_ctx_096494454/libs/rpc-common/src" to "/fwbuild-volumes/latest/apps/openhab_sonoff_basic/esp8266/build_contexts/build_ctx_096494454/libs/rpc-common/src"
mount from "/fwbuild-volumes/latest/apps/openhab_sonoff_basic/esp8266/build_contexts/build_ctx_096494454/libs/rpc-loopback/src" to "/fwbuild-volumes/latest/apps/openhab_sonoff_basic/esp8266/build_contexts/build_ctx_096494454/libs/rpc-loopback/src"
mount from "/fwbuild-volumes/latest/apps/openhab_sonoff_basic/esp8266/build_contexts/build_ctx_096494454/libs/rpc-service-config/src" to "/fwbuild-volumes/latest/apps/openhab_sonoff_basic/esp8266/build_contexts/build_ctx_096494454/libs/rpc-service-config/src"
mount from "/fwbuild-volumes/latest/apps/openhab_sonoff_basic/esp8266/build_contexts/build_ctx_096494454/libs/rpc-service-fs/src" to "/fwbuild-volumes/latest/apps/openhab_sonoff_basic/esp8266/build_contexts/build_ctx_096494454/libs/rpc-service-fs/src"
mount from "/fwbuild-volumes/latest/apps/openhab_sonoff_basic/esp8266/build_contexts/build_ctx_096494454/libs/rpc-uart/src" to "/fwbuild-volumes/latest/apps/openhab_sonoff_basic/esp8266/build_contexts/build_ctx_096494454/libs/rpc-uart/src"
mount from "/fwbuild-volumes/latest/apps/openhab_sonoff_basic/esp8266/build_contexts/build_ctx_096494454/libs/spi/src" to "/fwbuild-volumes/latest/apps/openhab_sonoff_basic/esp8266/build_contexts/build_ctx_096494454/libs/spi/src"
mount from "/fwbuild-volumes/latest/apps/openhab_sonoff_basic/esp8266/build_contexts/build_ctx_096494454/libs/spi/src/common_gpio" to "/fwbuild-volumes/latest/apps/openhab_sonoff_basic/esp8266/build_contexts/build_ctx_096494454/libs/spi/src/common_gpio"
mount from "/fwbuild-volumes/latest/apps/openhab_sonoff_basic/esp8266/build_contexts/build_ctx_096494454/libs/vfs-dev-spi-flash/src" to "/fwbuild-volumes/latest/apps/openhab_sonoff_basic/esp8266/build_contexts/build_ctx_096494454/libs/vfs-dev-spi-flash/src"
mount from "/fwbuild-volumes/latest/apps/openhab_sonoff_basic/esp8266/build_contexts/build_ctx_096494454/libs/wifi/include" to "/fwbuild-volumes/latest/apps/openhab_sonoff_basic/esp8266/build_contexts/build_ctx_096494454/libs/wifi/include"
mount from "/fwbuild-volumes/latest/apps/openhab_sonoff_basic/esp8266/build_contexts/build_ctx_096494454/libs/http-server/include" to "/fwbuild-volumes/latest/apps/openhab_sonoff_basic/esp8266/build_contexts/build_ctx_096494454/libs/http-server/include"
mount from "/fwbuild-volumes/latest/apps/openhab_sonoff_basic/esp8266/build_contexts/build_ctx_096494454/libs/mjs/include" to "/fwbuild-volumes/latest/apps/openhab_sonoff_basic/esp8266/build_contexts/build_ctx_096494454/libs/mjs/include"
mount from "/fwbuild-volumes/latest/apps/openhab_sonoff_basic/esp8266/build_contexts/build_ctx_096494454/libs/mqtt/include" to "/fwbuild-volumes/latest/apps/openhab_sonoff_basic/esp8266/build_contexts/build_ctx_096494454/libs/mqtt/include"
mount from "/fwbuild-volumes/latest/apps/openhab_sonoff_basic/esp8266/build_contexts/build_ctx_096494454/libs/rpc-common/include/mg_rpc" to "/fwbuild-volumes/latest/apps/openhab_sonoff_basic/esp8266/build_contexts/build_ctx_096494454/libs/rpc-common/include/mg_rpc"
mount from "/fwbuild-volumes/latest/apps/openhab_sonoff_basic/esp8266/build_contexts/build_ctx_096494454/libs/rpc-common/include" to "/fwbuild-volumes/latest/apps/openhab_sonoff_basic/esp8266/build_contexts/build_ctx_096494454/libs/rpc-common/include"
mount from "/fwbuild-volumes/latest/apps/openhab_sonoff_basic/esp8266/build_contexts/build_ctx_096494454/libs/rpc-loopback/include" to "/fwbuild-volumes/latest/apps/openhab_sonoff_basic/esp8266/build_contexts/build_ctx_096494454/libs/rpc-loopback/include"
mount from "/fwbuild-volumes/latest/apps/openhab_sonoff_basic/esp8266/build_contexts/build_ctx_096494454/libs/rpc-service-config/include" to "/fwbuild-volumes/latest/apps/openhab_sonoff_basic/esp8266/build_contexts/build_ctx_096494454/libs/rpc-service-config/include"
mount from "/fwbuild-volumes/latest/apps/openhab_sonoff_basic/esp8266/build_contexts/build_ctx_096494454/libs/rpc-service-fs/include" to "/fwbuild-volumes/latest/apps/openhab_sonoff_basic/esp8266/build_contexts/build_ctx_096494454/libs/rpc-service-fs/include"
mount from "/fwbuild-volumes/latest/apps/openhab_sonoff_basic/esp8266/build_contexts/build_ctx_096494454/libs/rpc-uart/include" to "/fwbuild-volumes/latest/apps/openhab_sonoff_basic/esp8266/build_contexts/build_ctx_096494454/libs/rpc-uart/include"
mount from "/fwbuild-volumes/latest/apps/openhab_sonoff_basic/esp8266/build_contexts/build_ctx_096494454/libs/spi/include" to "/fwbuild-volumes/latest/apps/openhab_sonoff_basic/esp8266/build_contexts/build_ctx_096494454/libs/spi/include"
mount from "/fwbuild-volumes/latest/apps/openhab_sonoff_basic/esp8266/build_contexts/build_ctx_096494454/libs/vfs-dev-spi-flash/include" to "/fwbuild-volumes/latest/apps/openhab_sonoff_basic/esp8266/build_contexts/build_ctx_096494454/libs/vfs-dev-spi-flash/include"
mount from "/fwbuild-volumes/latest/apps/openhab_sonoff_basic/esp8266/build_contexts/build_ctx_096494454/libs/mjs/fs" to "/fwbuild-volumes/latest/apps/openhab_sonoff_basic/esp8266/build_contexts/build_ctx_096494454/libs/mjs/fs"
mount from "/fwbuild-volumes/latest/apps/openhab_sonoff_basic/esp8266/build_contexts/build_ctx_096494454/modules/mjs-latest/mjs/lib" to "/fwbuild-volumes/latest/apps/openhab_sonoff_basic/esp8266/build_contexts/build_ctx_096494454/modules/mjs-latest/mjs/lib"
mount from "/fwbuild-volumes/latest/apps/openhab_sonoff_basic/esp8266/build_contexts/build_ctx_096494454/libs/wifi/mjs_fs" to "/fwbuild-volumes/latest/apps/openhab_sonoff_basic/esp8266/build_contexts/build_ctx_096494454/libs/wifi/mjs_fs"
mount from "/fwbuild-volumes/latest/apps/openhab_sonoff_basic/esp8266/build_contexts/build_ctx_096494454/libs/mqtt/mjs_fs" to "/fwbuild-volumes/latest/apps/openhab_sonoff_basic/esp8266/build_contexts/build_ctx_096494454/libs/mqtt/mjs_fs"
mount from "/fwbuild-volumes/latest/apps/openhab_sonoff_basic/esp8266/build_contexts/build_ctx_096494454/libs/rpc-common/mjs_fs" to "/fwbuild-volumes/latest/apps/openhab_sonoff_basic/esp8266/build_contexts/build_ctx_096494454/libs/rpc-common/mjs_fs"
mount from "/fwbuild-volumes/latest/apps/openhab_sonoff_basic/esp8266/build_contexts/build_ctx_096494454/libs/spi/mjs_fs" to "/fwbuild-volumes/latest/apps/openhab_sonoff_basic/esp8266/build_contexts/build_ctx_096494454/libs/spi/mjs_fs"
mount from "/fwbuild-volumes/latest/apps/openhab_sonoff_basic/esp8266/build_contexts/build_ctx_096494454/libs/mjs/esp8266/fs" to "/fwbuild-volumes/latest/apps/openhab_sonoff_basic/esp8266/build_contexts/build_ctx_096494454/libs/mjs/esp8266/fs"
mount from "/fwbuild-volumes/latest/apps/openhab_sonoff_basic/esp8266/build_contexts/build_ctx_096494454/fs" to "/fwbuild-volumes/latest/apps/openhab_sonoff_basic/esp8266/build_contexts/build_ctx_096494454/fs"
mount from "/fwbuild-volumes/latest/apps/openhab_sonoff_basic/esp8266/build_contexts/build_ctx_096494454/build/gen" to "/fwbuild-volumes/latest/apps/openhab_sonoff_basic/esp8266/build_contexts/build_ctx_096494454/build/gen"
Docker arguments: run --name mos_build_2017-11-30T21-40-55-00_4057917069518716127 --rm -i -v /fwbuild-volumes/latest/apps/openhab_sonoff_basic/esp8266/build_contexts/build_ctx_096494454/libs/rpc-common/src/mg_rpc:/fwbuild-volumes/latest/apps/openhab_sonoff_basic/esp8266/build_contexts/build_ctx_096494454/libs/rpc-common/src/mg_rpc -v /fwbuild-volumes/latest/apps/openhab_sonoff_basic/esp8266/build_contexts/build_ctx_096494454/libs/rpc-service-config/src:/fwbuild-volumes/latest/apps/openhab_sonoff_basic/esp8266/build_contexts/build_ctx_096494454/libs/rpc-service-config/src -v /fwbuild-volumes/latest/apps/openhab_sonoff_basic/esp8266/build_contexts/build_ctx_096494454/libs/http-server/include:/fwbuild-volumes/latest/apps/openhab_sonoff_basic/esp8266/build_contexts/build_ctx_096494454/libs/http-server/include -v /fwbuild-volumes/latest/apps/openhab_sonoff_basic/esp8266/build_contexts/build_ctx_096494454/libs/rpc-uart/include:/fwbuild-volumes/latest/apps/openhab_sonoff_basic/esp8266/build_contexts/build_ctx_096494454/libs/rpc-uart/include -v /fwbuild-volumes/latest/apps/openhab_sonoff_basic/esp8266/build_contexts/build_ctx_096494454/libs/http-server/src:/fwbuild-volumes/latest/apps/openhab_sonoff_basic/esp8266/build_contexts/build_ctx_096494454/libs/http-server/src -v /fwbuild-volumes/latest/apps/openhab_sonoff_basic/esp8266/build_contexts/build_ctx_096494454/libs/mjs/esp8266/src:/fwbuild-volumes/latest/apps/openhab_sonoff_basic/esp8266/build_contexts/build_ctx_096494454/libs/mjs/esp8266/src -v /fwbuild-volumes/latest/apps/openhab_sonoff_basic/esp8266/build_contexts/build_ctx_096494454/libs/wifi/include:/fwbuild-volumes/latest/apps/openhab_sonoff_basic/esp8266/build_contexts/build_ctx_096494454/libs/wifi/include -v /fwbuild-volumes/latest/apps/openhab_sonoff_basic/esp8266/build_contexts/build_ctx_096494454/libs/rpc-loopback/include:/fwbuild-volumes/latest/apps/openhab_sonoff_basic/esp8266/build_contexts/build_ctx_096494454/libs/rpc-loopback/include -v /fwbuild-volumes/latest/apps/openhab_sonoff_basic/esp8266/build_contexts/build_ctx_096494454/libs/vfs-dev-spi-flash/include:/fwbuild-volumes/latest/apps/openhab_sonoff_basic/esp8266/build_contexts/build_ctx_096494454/libs/vfs-dev-spi-flash/include -v /fwbuild-volumes/latest/apps/openhab_sonoff_basic/esp8266/build_contexts/build_ctx_096494454/build:/fwbuild-volumes/latest/apps/openhab_sonoff_basic/esp8266/build_contexts/build_ctx_096494454/build -v /fwbuild-volumes/latest/apps/openhab_sonoff_basic/esp8266/build_contexts/build_ctx_096494454/libs/rpc-common/src:/fwbuild-volumes/latest/apps/openhab_sonoff_basic/esp8266/build_contexts/build_ctx_096494454/libs/rpc-common/src -v /fwbuild-volumes/latest/apps/openhab_sonoff_basic/esp8266/build_contexts/build_ctx_096494454/libs/wifi/esp8266/src:/fwbuild-volumes/latest/apps/openhab_sonoff_basic/esp8266/build_contexts/build_ctx_096494454/libs/wifi/esp8266/src -v /fwbuild-volumes/latest/apps/openhab_sonoff_basic/esp8266/build_contexts/build_ctx_096494454/modules/mjs-latest:/fwbuild-volumes/latest/apps/openhab_sonoff_basic/esp8266/build_contexts/build_ctx_096494454/modules/mjs-latest -v /fwbuild-volumes/latest/apps/openhab_sonoff_basic/esp8266/build_contexts/build_ctx_096494454/libs/mqtt/src:/fwbuild-volumes/latest/apps/openhab_sonoff_basic/esp8266/build_contexts/build_ctx_096494454/libs/mqtt/src -v /fwbuild-volumes/latest/apps/openhab_sonoff_basic/esp8266/build_contexts/build_ctx_096494454/libs/mqtt/include:/fwbuild-volumes/latest/apps/openhab_sonoff_basic/esp8266/build_contexts/build_ctx_096494454/libs/mqtt/include -v /fwbuild-volumes/latest/apps/openhab_sonoff_basic/esp8266/build_contexts/build_ctx_096494454/libs/rpc-common/include/mg_rpc:/fwbuild-volumes/latest/apps/openhab_sonoff_basic/esp8266/build_contexts/build_ctx_096494454/libs/rpc-common/include/mg_rpc -v /fwbuild-volumes/latest/apps/openhab_sonoff_basic/esp8266/build_contexts/build_ctx_096494454/libs/rpc-common/include:/fwbuild-volumes/latest/apps/openhab_sonoff_basic/esp8266/build_contexts/build_ctx_096494454/libs/rpc-common/include -v /fwbuild-volumes/latest/apps/openhab_sonoff_basic/esp8266/build_contexts/build_ctx_096494454/build/gen:/fwbuild-volumes/latest/apps/openhab_sonoff_basic/esp8266/build_contexts/build_ctx_096494454/build/gen -v /fwbuild-volumes/latest/apps/openhab_sonoff_basic/esp8266/build_contexts/build_ctx_096494454/libs/wifi/src:/fwbuild-volumes/latest/apps/openhab_sonoff_basic/esp8266/build_contexts/build_ctx_096494454/libs/wifi/src -v /fwbuild-volumes/latest/apps/openhab_sonoff_basic/esp8266/build_contexts/build_ctx_096494454/libs/mjs/include:/fwbuild-volumes/latest/apps/openhab_sonoff_basic/esp8266/build_contexts/build_ctx_096494454/libs/mjs/include -v /fwbuild-volumes/latest/apps/openhab_sonoff_basic/esp8266/build_contexts/build_ctx_096494454/libs/mqtt/mjs_fs:/fwbuild-volumes/latest/apps/openhab_sonoff_basic/esp8266/build_contexts/build_ctx_096494454/libs/mqtt/mjs_fs -v /fwbuild-volumes/latest/apps/openhab_sonoff_basic/esp8266/build_contexts/build_ctx_096494454/libs/mjs/esp8266/fs:/fwbuild-volumes/latest/apps/openhab_sonoff_basic/esp8266/build_contexts/build_ctx_096494454/libs/mjs/esp8266/fs -v /fwbuild-volumes/latest/apps/openhab_sonoff_basic/esp8266/build_contexts/build_ctx_096494454/src:/fwbuild-volumes/latest/apps/openhab_sonoff_basic/esp8266/build_contexts/build_ctx_096494454/src -v /fwbuild-volumes/latest/apps/openhab_sonoff_basic/esp8266/build_contexts/build_ctx_096494454/libs/rpc-loopback/src:/fwbuild-volumes/latest/apps/openhab_sonoff_basic/esp8266/build_contexts/build_ctx_096494454/libs/rpc-loopback/src -v /fwbuild-volumes/latest/apps/openhab_sonoff_basic/esp8266/build_contexts/build_ctx_096494454/modules/mongoose-os-latest:/mongoose-os -v /fwbuild-volumes/latest/apps/openhab_sonoff_basic/esp8266/build_contexts/build_ctx_096494454/libs/rpc-service-fs/include:/fwbuild-volumes/latest/apps/openhab_sonoff_basic/esp8266/build_contexts/build_ctx_096494454/libs/rpc-service-fs/include -v /fwbuild-volumes/latest/apps/openhab_sonoff_basic/esp8266/build_contexts/build_ctx_096494454/libs/spi/include:/fwbuild-volumes/latest/apps/openhab_sonoff_basic/esp8266/build_contexts/build_ctx_096494454/libs/spi/include -v /fwbuild-volumes/latest/apps/openhab_sonoff_basic/esp8266/build_contexts/build_ctx_096494454/fs:/fwbuild-volumes/latest/apps/openhab_sonoff_basic/esp8266/build_contexts/build_ctx_096494454/fs -v /fwbuild-volumes/latest/apps/openhab_sonoff_basic/esp8266/build_contexts/build_ctx_096494454:/app -v /fwbuild-volumes/latest/apps/openhab_sonoff_basic/esp8266/build_contexts/build_ctx_096494454/libs/mjs/src:/fwbuild-volumes/latest/apps/openhab_sonoff_basic/esp8266/build_contexts/build_ctx_096494454/libs/mjs/src -v /fwbuild-volumes/latest/apps/openhab_sonoff_basic/esp8266/build_contexts/build_ctx_096494454/libs/rpc-service-config/include:/fwbuild-volumes/latest/apps/openhab_sonoff_basic/esp8266/build_contexts/build_ctx_096494454/libs/rpc-service-config/include -v /fwbuild-volumes/latest/apps/openhab_sonoff_basic/esp8266/build_contexts/build_ctx_096494454/libs/mjs/fs:/fwbuild-volumes/latest/apps/openhab_sonoff_basic/esp8266/build_contexts/build_ctx_096494454/libs/mjs/fs -v /fwbuild-volumes/latest/apps/openhab_sonoff_basic/esp8266/build_contexts/build_ctx_096494454/modules/mjs-latest/mjs/lib:/fwbuild-volumes/latest/apps/openhab_sonoff_basic/esp8266/build_contexts/build_ctx_096494454/modules/mjs-latest/mjs/lib -v /fwbuild-volumes/latest/apps/openhab_sonoff_basic/esp8266/build_contexts/build_ctx_096494454/libs/wifi/mjs_fs:/fwbuild-volumes/latest/apps/openhab_sonoff_basic/esp8266/build_contexts/build_ctx_096494454/libs/wifi/mjs_fs -v /fwbuild-volumes/latest/apps/openhab_sonoff_basic/esp8266/build_contexts/build_ctx_096494454/libs/rpc-common/mjs_fs:/fwbuild-volumes/latest/apps/openhab_sonoff_basic/esp8266/build_contexts/build_ctx_096494454/libs/rpc-common/mjs_fs -v /fwbuild-volumes/latest/apps/openhab_sonoff_basic/esp8266/build_contexts/build_ctx_096494454/libs/rpc-uart/src:/fwbuild-volumes/latest/apps/openhab_sonoff_basic/esp8266/build_contexts/build_ctx_096494454/libs/rpc-uart/src -v /fwbuild-volumes/latest/apps/openhab_sonoff_basic/esp8266/build_contexts/build_ctx_096494454/libs/spi/src/common_gpio:/fwbuild-volumes/latest/apps/openhab_sonoff_basic/esp8266/build_contexts/build_ctx_096494454/libs/spi/src/common_gpio -v /fwbuild-volumes/latest/apps/openhab_sonoff_basic/esp8266/build_contexts/build_ctx_096494454/libs/spi/src:/fwbuild-volumes/latest/apps/openhab_sonoff_basic/esp8266/build_contexts/build_ctx_096494454/libs/spi/src -v /fwbuild-volumes/latest/apps/openhab_sonoff_basic/esp8266/build_contexts/build_ctx_096494454/libs/vfs-dev-spi-flash/src:/fwbuild-volumes/latest/apps/openhab_sonoff_basic/esp8266/build_contexts/build_ctx_096494454/libs/vfs-dev-spi-flash/src -v /fwbuild-volumes/latest/apps/openhab_sonoff_basic/esp8266/build_contexts/build_ctx_096494454/libs/spi/mjs_fs:/fwbuild-volumes/latest/apps/openhab_sonoff_basic/esp8266/build_contexts/build_ctx_096494454/libs/spi/mjs_fs -v /fwbuild-volumes/latest/apps/openhab_sonoff_basic/esp8266/build_contexts/build_ctx_096494454/modules/mongoose-os-latest:/fwbuild-volumes/latest/apps/openhab_sonoff_basic/esp8266/build_contexts/build_ctx_096494454/modules/mongoose-os-latest -v /fwbuild-volumes/latest/apps/openhab_sonoff_basic/esp8266/build_contexts/build_ctx_096494454/libs/rpc-service-fs/src:/fwbuild-volumes/latest/apps/openhab_sonoff_basic/esp8266/build_contexts/build_ctx_096494454/libs/rpc-service-fs/src --user 0:0 docker.cesanta.com/esp8266-build:2.1.0-1.5.0-r7 /bin/bash -c nice make '-j' '32' '-C' '/app' '-f' '/mongoose-os/fw/platforms/esp8266/Makefile.build' 'all' 'MGOS_HAVE_RPC_UART=1' 'APP_SOURCES=/fwbuild-volumes/latest/apps/openhab_sonoff_basic/esp8266/build_contexts/build_ctx_096494454/src/main.c /fwbuild-volumes/latest/apps/openhab_sonoff_basic/esp8266/build_contexts/build_ctx_096494454/build/gen/deps_init.c /fwbuild-volumes/latest/apps/openhab_sonoff_basic/esp8266/build_contexts/build_ctx_096494454/libs/wifi/src/mgos_wifi.c /fwbuild-volumes/latest/apps/openhab_sonoff_basic/esp8266/build_contexts/build_ctx_096494454/libs/wifi/src/mjs_wifi.c /fwbuild-volumes/latest/apps/openhab_sonoff_basic/esp8266/build_contexts/build_ctx_096494454/libs/wifi/esp8266/src/esp_wifi.c /fwbuild-volumes/latest/apps/openhab_sonoff_basic/esp8266/build_contexts/build_ctx_096494454/libs/http-server/src/mgos_http_server.c /fwbuild-volumes/latest/apps/openhab_sonoff_basic/esp8266/build_contexts/build_ctx_096494454/libs/mjs/src/mos_mjs.c /fwbuild-volumes/latest/apps/openhab_sonoff_basic/esp8266/build_contexts/build_ctx_096494454/modules/mjs-latest/mjs.c /fwbuild-volumes/latest/apps/openhab_sonoff_basic/esp8266/build_contexts/build_ctx_096494454/libs/mjs/esp8266/src/esp8266_mjs.c /fwbuild-volumes/latest/apps/openhab_sonoff_basic/esp8266/build_contexts/build_ctx_096494454/libs/mqtt/src/mgos_mqtt.c /fwbuild-volumes/latest/apps/openhab_sonoff_basic/esp8266/build_contexts/build_ctx_096494454/libs/rpc-common/src/mg_rpc/mg_rpc.c /fwbuild-volumes/latest/apps/openhab_sonoff_basic/esp8266/build_contexts/build_ctx_096494454/libs/rpc-common/src/mg_rpc/mg_rpc_channel_http.c /fwbuild-volumes/latest/apps/openhab_sonoff_basic/esp8266/build_contexts/build_ctx_096494454/libs/rpc-common/src/mg_rpc/mg_rpc_channel_tcp_common.c /fwbuild-volumes/latest/apps/openhab_sonoff_basic/esp8266/build_contexts/build_ctx_096494454/libs/rpc-common/src/mg_rpc/mg_rpc_channel_ws.c /fwbuild-volumes/latest/apps/openhab_sonoff_basic/esp8266/build_contexts/build_ctx_096494454/libs/rpc-common/src/mgos_rpc.c /fwbuild-volumes/latest/apps/openhab_sonoff_basic/esp8266/build_contexts/build_ctx_096494454/libs/rpc-loopback/src/mg_rpc_channel_loopback.c /fwbuild-volumes/latest/apps/openhab_sonoff_basic/esp8266/build_contexts/build_ctx_096494454/libs/rpc-service-config/src/mgos_service_config.c /fwbuild-volumes/latest/apps/openhab_sonoff_basic/esp8266/build_contexts/build_ctx_096494454/libs/rpc-service-fs/src/mgos_service_filesystem.c /fwbuild-volumes/latest/apps/openhab_sonoff_basic/esp8266/build_contexts/build_ctx_096494454/libs/rpc-uart/src/mgos_rpc_channel_uart.c /fwbuild-volumes/latest/apps/openhab_sonoff_basic/esp8266/build_contexts/build_ctx_096494454/libs/spi/src/mgos_spi.c /fwbuild-volumes/latest/apps/openhab_sonoff_basic/esp8266/build_contexts/build_ctx_096494454/libs/spi/src/mgos_spi_mjs.c /fwbuild-volumes/latest/apps/openhab_sonoff_basic/esp8266/build_contexts/build_ctx_096494454/libs/spi/src/common_gpio/mgos_spi_gpio.c /fwbuild-volumes/latest/apps/openhab_sonoff_basic/esp8266/build_contexts/build_ctx_096494454/libs/vfs-dev-spi-flash/src/mgos_vfs_dev_spi_flash.c' 'FW_DIR=build/fw' 'FS_STAGING_DIR=build/fs' 'MGOS_WIFI_ENABLE_AP_STA=1' 'APP=openhab_sonoff_basic' 'MGOS_HAVE_RPC_COMMON=1' 'MGOS_HAVE_RPC_SERVICE_FS=1' 'MGOS_HAVE_RPC_SERVICE_CONFIG=1' 'MGOS_HAVE_RPC_LOOPBACK=1' 'APP_BIN_LIBS=' 'FLASH_SIZE=1048576' 'FFI_SYMBOLS=' 'MGOS_PATH=/mongoose-os' 'APP_INCLUDES=/fwbuild-volumes/latest/apps/openhab_sonoff_basic/esp8266/build_contexts/build_ctx_096494454/libs/wifi/include /fwbuild-volumes/latest/apps/openhab_sonoff_basic/esp8266/build_contexts/build_ctx_096494454/libs/http-server/include /fwbuild-volumes/latest/apps/openhab_sonoff_basic/esp8266/build_contexts/build_ctx_096494454/libs/mjs/include /fwbuild-volumes/latest/apps/openhab_sonoff_basic/esp8266/build_contexts/build_ctx_096494454/libs/mqtt/include /fwbuild-volumes/latest/apps/openhab_sonoff_basic/esp8266/build_contexts/build_ctx_096494454/libs/rpc-common/include/mg_rpc /fwbuild-volumes/latest/apps/openhab_sonoff_basic/esp8266/build_contexts/build_ctx_096494454/libs/rpc-common/include /fwbuild-volumes/latest/apps/openhab_sonoff_basic/esp8266/build_contexts/build_ctx_096494454/libs/rpc-loopback/include /fwbuild-volumes/latest/apps/openhab_sonoff_basic/esp8266/build_contexts/build_ctx_096494454/libs/rpc-service-config/include /fwbuild-volumes/latest/apps/openhab_sonoff_basic/esp8266/build_contexts/build_ctx_096494454/libs/rpc-service-fs/include /fwbuild-volumes/latest/apps/openhab_sonoff_basic/esp8266/build_contexts/build_ctx_096494454/libs/rpc-uart/include /fwbuild-volumes/latest/apps/openhab_sonoff_basic/esp8266/build_contexts/build_ctx_096494454/libs/spi/include /fwbuild-volumes/latest/apps/openhab_sonoff_basic/esp8266/build_contexts/build_ctx_096494454/libs/vfs-dev-spi-flash/include' 'APP_CXXFLAGS=-DMGOS_ENABLE_RPC_CHANNEL_HTTP=1 -DMGOS_ENABLE_FILE_UPLOAD=1 -DMGOS_HAVE_RPC_COMMON=1 -DMGOS_HAVE_HTTP_SERVER=1 -DMGOS_ENABLE_TUNNEL=0 -DMGOS_ENABLE_SYS_SERVICE=1 -DMGOS_HAVE_WIFI=1 -DMGOS_HAVE_RPC_LOOPBACK=1 -DMGOS_HAVE_MQTT=1 -DMGOS_HAVE_RPC_UART=1 -DMGOS_HAVE_RPC_SERVICE_FS=1 -DMG_ENABLE_MQTT=1 -DMGOS_ENABLE_WEB_CONFIG=0 -DMGOS_HAVE_MJS=1 -DMGOS_WIFI_ENABLE_AP_STA=1 -DMGOS_ENABLE_RPC_CHANNEL_WS=1 -DMGOS_HAVE_SPI=1 -DMGOS_HAVE_RPC_SERVICE_CONFIG=1 -DMGOS_HAVE_VFS_DEV_SPI_FLASH=1' 'GEN_DIR=/fwbuild-volumes/latest/apps/openhab_sonoff_basic/esp8266/build_contexts/build_ctx_096494454/build/gen' 'MGOS_HAVE_SPI=1' 'MGOS_HAVE_MJS=1' 'APP_FS_FILES=/fwbuild-volumes/latest/apps/openhab_sonoff_basic/esp8266/build_contexts/build_ctx_096494454/libs/mjs/fs/api_bitbang.js /fwbuild-volumes/latest/apps/openhab_sonoff_basic/esp8266/build_contexts/build_ctx_096494454/libs/mjs/fs/api_config.js /fwbuild-volumes/latest/apps/openhab_sonoff_basic/esp8266/build_contexts/build_ctx_096494454/libs/mjs/fs/api_gpio.js /fwbuild-volumes/latest/apps/openhab_sonoff_basic/esp8266/build_contexts/build_ctx_096494454/libs/mjs/fs/api_grove.js /fwbuild-volumes/latest/apps/openhab_sonoff_basic/esp8266/build_contexts/build_ctx_096494454/libs/mjs/fs/api_http.js /fwbuild-volumes/latest/apps/openhab_sonoff_basic/esp8266/build_contexts/build_ctx_096494454/libs/mjs/fs/api_log.js /fwbuild-volumes/latest/apps/openhab_sonoff_basic/esp8266/build_contexts/build_ctx_096494454/libs/mjs/fs/api_neopixel.js /fwbuild-volumes/latest/apps/openhab_sonoff_basic/esp8266/build_contexts/build_ctx_096494454/libs/mjs/fs/api_net.js /fwbuild-volumes/latest/apps/openhab_sonoff_basic/esp8266/build_contexts/build_ctx_096494454/libs/mjs/fs/api_sys.js /fwbuild-volumes/latest/apps/openhab_sonoff_basic/esp8266/build_contexts/build_ctx_096494454/libs/mjs/fs/api_timer.js /fwbuild-volumes/latest/apps/openhab_sonoff_basic/esp8266/build_contexts/build_ctx_096494454/libs/mjs/fs/api_uart.js /fwbuild-volumes/latest/apps/openhab_sonoff_basic/esp8266/build_contexts/build_ctx_096494454/libs/mjs/fs/init.js /fwbuild-volumes/latest/apps/openhab_sonoff_basic/esp8266/build_contexts/build_ctx_096494454/modules/mjs-latest/mjs/lib/api_dataview.js /fwbuild-volumes/latest/apps/openhab_sonoff_basic/esp8266/build_contexts/build_ctx_096494454/modules/mjs-latest/mjs/lib/api_file.js /fwbuild-volumes/latest/apps/openhab_sonoff_basic/esp8266/build_contexts/build_ctx_096494454/modules/mjs-latest/mjs/lib/api_math.js /fwbuild-volumes/latest/apps/openhab_sonoff_basic/esp8266/build_contexts/build_ctx_096494454/libs/wifi/mjs_fs/api_wifi.js /fwbuild-volumes/latest/apps/openhab_sonoff_basic/esp8266/build_contexts/build_ctx_096494454/libs/mqtt/mjs_fs/api_mqtt.js /fwbuild-volumes/latest/apps/openhab_sonoff_basic/esp8266/build_contexts/build_ctx_096494454/libs/rpc-common/mjs_fs/api_rpc.js /fwbuild-volumes/latest/apps/openhab_sonoff_basic/esp8266/build_contexts/build_ctx_096494454/libs/spi/mjs_fs/api_spi.js /fwbuild-volumes/latest/apps/openhab_sonoff_basic/esp8266/build_contexts/build_ctx_096494454/libs/mjs/esp8266/fs/api_arch_uart.js /fwbuild-volumes/latest/apps/openhab_sonoff_basic/esp8266/build_contexts/build_ctx_096494454/libs/mjs/esp8266/fs/api_esp8266.js /fwbuild-volumes/latest/apps/openhab_sonoff_basic/esp8266/build_contexts/build_ctx_096494454/fs/init.js /fwbuild-volumes/latest/apps/openhab_sonoff_basic/esp8266/build_contexts/build_ctx_096494454/fs/schedules.json' 'MANIFEST_FINAL=/fwbuild-volumes/latest/apps/openhab_sonoff_basic/esp8266/build_contexts/build_ctx_096494454/build/gen/mos_final.yml' 'BUILD_DIR=/fwbuild-volumes/latest/apps/openhab_sonoff_basic/esp8266/build_contexts/build_ctx_096494454/build/objs' 'MGOS_HAVE_HTTP_SERVER=1' 'MGOS_HAVE_VFS_DEV_SPI_FLASH=1' 'PLATFORM=esp8266' 'APP_CONF_SCHEMA=/fwbuild-volumes/latest/apps/openhab_sonoff_basic/esp8266/build_contexts/build_ctx_096494454/build/gen/mos_conf_schema.yml' 'MGOS_ENABLE_SPI_GPIO=1' 'MGOS_HAVE_WIFI=1' 'MGOS_HAVE_MQTT=1' 'APP_VERSION=1.1_170818' 'APP_CFLAGS=-DMGOS_WIFI_ENABLE_AP_STA=1 -DMGOS_ENABLE_RPC_CHANNEL_WS=1 -DMGOS_HAVE_SPI=1 -DMGOS_HAVE_RPC_SERVICE_CONFIG=1 -DMGOS_HAVE_VFS_DEV_SPI_FLASH=1 -DMGOS_ENABLE_RPC_CHANNEL_HTTP=1 -DMGOS_ENABLE_FILE_UPLOAD=1 -DMGOS_HAVE_RPC_COMMON=1 -DMGOS_HAVE_HTTP_SERVER=1 -DMGOS_HAVE_RPC_UART=1 -DMGOS_HAVE_RPC_SERVICE_FS=1 -DMGOS_ENABLE_TUNNEL=0 -DMGOS_ENABLE_SYS_SERVICE=1 -DMGOS_HAVE_WIFI=1 -DMGOS_HAVE_RPC_LOOPBACK=1 -DMGOS_HAVE_MQTT=1 -DMG_ENABLE_MQTT=1 -DMGOS_ENABLE_WEB_CONFIG=0 -DMGOS_HAVE_MJS=1'
make: Entering directory '/app'
  MKDIR /fwbuild-volumes/latest/apps/openhab_sonoff_basic/esp8266/build_contexts/build_ctx_096494454/build/objs/fw_temp
  MKDIR /fwbuild-volumes/latest/apps/openhab_sonoff_basic/esp8266/build_contexts/build_ctx_096494454/build/objs
  MKDIR /app/build/fw
CC esptool2.c
gcc -O2 -Wall -c esptool2.c -o /fwbuild-volumes/latest/apps/openhab_sonoff_basic/esp8266/build_contexts/build_ctx_096494454/build/objs/esptool2.o
  GEN   /fwbuild-volumes/latest/apps/openhab_sonoff_basic/esp8266/build_contexts/build_ctx_096494454/build/gen/mgos_config.c
CC esptool2_elf.c
gcc -O2 -Wall -c esptool2_elf.c -o /fwbuild-volumes/latest/apps/openhab_sonoff_basic/esp8266/build_contexts/build_ctx_096494454/build/objs/esptool2_elf.o
  GEN   /fwbuild-volumes/latest/apps/openhab_sonoff_basic/esp8266/build_contexts/build_ctx_096494454/build/gen/mgos_ro_vars.c
  GEN   /fwbuild-volumes/latest/apps/openhab_sonoff_basic/esp8266/build_contexts/build_ctx_096494454/build/gen/ffi_exports.c
make[1]: Entering directory '/app'
make[1]: warning: -jN forced in submake: disabling jobserver mode.
  GEN   /mongoose-os/fw/platforms/esp8266/ld/non_os.ld (0xd2ff0 @ 0x40208010) -> /fwbuild-volumes/latest/apps/openhab_sonoff_basic/esp8266/build_contexts/build_ctx_096494454/build/gen/0x8000.ld
  GEN   /fwbuild-volumes/latest/apps/openhab_sonoff_basic/esp8266/build_contexts/build_ctx_096494454/build/gen/mgos_config_schema.json
  GEN   /fwbuild-volumes/latest/apps/openhab_sonoff_basic/esp8266/build_contexts/build_ctx_096494454/build/gen/mgos_ro_vars_schema.json
  CC    ./src/netif/etharp.c -> /fwbuild-volumes/latest/apps/openhab_sonoff_basic/esp8266/build_contexts/build_ctx_096494454/build/objs/lwip/etharp.o
  CC    ./src/core/dhcp.c -> /fwbuild-volumes/latest/apps/openhab_sonoff_basic/esp8266/build_contexts/build_ctx_096494454/build/objs/lwip/dhcp.o
  CC    ./src/core/mem.c -> /fwbuild-volumes/latest/apps/openhab_sonoff_basic/esp8266/build_contexts/build_ctx_096494454/build/objs/lwip/mem.o
  CC    ./src/core/sys_arch.c -> /fwbuild-volumes/latest/apps/openhab_sonoff_basic/esp8266/build_contexts/build_ctx_096494454/build/objs/lwip/sys_arch.o
  CC    ./src/core/mdns.c -> /fwbuild-volumes/latest/apps/openhab_sonoff_basic/esp8266/build_contexts/build_ctx_096494454/build/objs/lwip/mdns.o
  CC    ./src/core/init.c -> /fwbuild-volumes/latest/apps/openhab_sonoff_basic/esp8266/build_contexts/build_ctx_096494454/build/objs/lwip/init.o
LD /fwbuild-volumes/latest/apps/openhab_sonoff_basic/esp8266/build_contexts/build_ctx_096494454/build/objs/esptool2
gcc -o /fwbuild-volumes/latest/apps/openhab_sonoff_basic/esp8266/build_contexts/build_ctx_096494454/build/objs/esptool2 /fwbuild-volumes/latest/apps/openhab_sonoff_basic/esp8266/build_contexts/build_ctx_096494454/build/objs/esptool2.o /fwbuild-volumes/latest/apps/openhab_sonoff_basic/esp8266/build_contexts/build_ctx_096494454/build/objs/esptool2_elf.o
  CC    ./src/core/memp.c -> /fwbuild-volumes/latest/apps/openhab_sonoff_basic/esp8266/build_contexts/build_ctx_096494454/build/objs/lwip/memp.o
  CC    ./src/core/sys.c -> /fwbuild-volumes/latest/apps/openhab_sonoff_basic/esp8266/build_contexts/build_ctx_096494454/build/objs/lwip/sys.o
  CC    /mongoose-os/fw/platforms/esp8266/src/esp_cache.c -> /fwbuild-volumes/latest/apps/openhab_sonoff_basic/esp8266/build_contexts/build_ctx_096494454/build/objs/esp_cache.c.o
CC rboot-stage2a.c
  CC    /fwbuild-volumes/latest/apps/openhab_sonoff_basic/esp8266/build_contexts/build_ctx_096494454/src/main.c -> /fwbuild-volumes/latest/apps/openhab_sonoff_basic/esp8266/build_contexts/build_ctx_096494454/build/objs/main.c.o
  CC    ./src/core/tcp_in.c -> /fwbuild-volumes/latest/apps/openhab_sonoff_basic/esp8266/build_contexts/build_ctx_096494454/build/objs/lwip/tcp_in.o
  CC    /fwbuild-volumes/latest/apps/openhab_sonoff_basic/esp8266/build_contexts/build_ctx_096494454/build/gen/deps_init.c -> /fwbuild-volumes/latest/apps/openhab_sonoff_basic/esp8266/build_contexts/build_ctx_096494454/build/objs/deps_init.c.o
  CC    /fwbuild-volumes/latest/apps/openhab_sonoff_basic/esp8266/build_contexts/build_ctx_096494454/libs/wifi/src/mgos_wifi.c -> /fwbuild-volumes/latest/apps/openhab_sonoff_basic/esp8266/build_contexts/build_ctx_096494454/build/objs/mgos_wifi.c.o
  CC    ./src/core/dns.c -> /fwbuild-volumes/latest/apps/openhab_sonoff_basic/esp8266/build_contexts/build_ctx_096494454/build/objs/lwip/dns.o
  CC    /fwbuild-volumes/latest/apps/openhab_sonoff_basic/esp8266/build_contexts/build_ctx_096494454/libs/wifi/src/mjs_wifi.c -> /fwbuild-volumes/latest/apps/openhab_sonoff_basic/esp8266/build_contexts/build_ctx_096494454/build/objs/mjs_wifi.c.o
LD /fwbuild-volumes/latest/apps/openhab_sonoff_basic/esp8266/build_contexts/build_ctx_096494454/build/objs/rboot/rboot-stage2a.elf
  CC    /fwbuild-volumes/latest/apps/openhab_sonoff_basic/esp8266/build_contexts/build_ctx_096494454/libs/wifi/esp8266/src/esp_wifi.c -> /fwbuild-volumes/latest/apps/openhab_sonoff_basic/esp8266/build_contexts/build_ctx_096494454/build/objs/esp_wifi.c.o
  CC    /fwbuild-volumes/latest/apps/openhab_sonoff_basic/esp8266/build_contexts/build_ctx_096494454/libs/http-server/src/mgos_http_server.c -> /fwbuild-volumes/latest/apps/openhab_sonoff_basic/esp8266/build_contexts/build_ctx_096494454/build/objs/mgos_http_server.c.o
E2 /fwbuild-volumes/latest/apps/openhab_sonoff_basic/esp8266/build_contexts/build_ctx_096494454/build/gen/rboot-hex2a.h
CC rboot.c
  CC    /fwbuild-volumes/latest/apps/openhab_sonoff_basic/esp8266/build_contexts/build_ctx_096494454/libs/mjs/src/mos_mjs.c -> /fwbuild-volumes/latest/apps/openhab_sonoff_basic/esp8266/build_contexts/build_ctx_096494454/build/objs/mos_mjs.c.o
  CC    /fwbuild-volumes/latest/apps/openhab_sonoff_basic/esp8266/build_contexts/build_ctx_096494454/modules/mjs-latest/mjs.c -> /fwbuild-volumes/latest/apps/openhab_sonoff_basic/esp8266/build_contexts/build_ctx_096494454/build/objs/mjs.c.o
  CC    /fwbuild-volumes/latest/apps/openhab_sonoff_basic/esp8266/build_contexts/build_ctx_096494454/libs/mjs/esp8266/src/esp8266_mjs.c -> /fwbuild-volumes/latest/apps/openhab_sonoff_basic/esp8266/build_contexts/build_ctx_096494454/build/objs/esp8266_mjs.c.o
  CC    /fwbuild-volumes/latest/apps/openhab_sonoff_basic/esp8266/build_contexts/build_ctx_096494454/libs/mqtt/src/mgos_mqtt.c -> /fwbuild-volumes/latest/apps/openhab_sonoff_basic/esp8266/build_contexts/build_ctx_096494454/build/objs/mgos_mqtt.c.o
  CC    /fwbuild-volumes/latest/apps/openhab_sonoff_basic/esp8266/build_contexts/build_ctx_096494454/libs/rpc-common/src/mg_rpc/mg_rpc.c -> /fwbuild-volumes/latest/apps/openhab_sonoff_basic/esp8266/build_contexts/build_ctx_096494454/build/objs/mg_rpc.c.o
  CC    /fwbuild-volumes/latest/apps/openhab_sonoff_basic/esp8266/build_contexts/build_ctx_096494454/libs/rpc-common/src/mg_rpc/mg_rpc_channel_http.c -> /fwbuild-volumes/latest/apps/openhab_sonoff_basic/esp8266/build_contexts/build_ctx_096494454/build/objs/mg_rpc_channel_http.c.o
  CC    /fwbuild-volumes/latest/apps/openhab_sonoff_basic/esp8266/build_contexts/build_ctx_096494454/libs/rpc-common/src/mg_rpc/mg_rpc_channel_tcp_common.c -> /fwbuild-volumes/latest/apps/openhab_sonoff_basic/esp8266/build_contexts/build_ctx_096494454/build/objs/mg_rpc_channel_tcp_common.c.o
  CC    /fwbuild-volumes/latest/apps/openhab_sonoff_basic/esp8266/build_contexts/build_ctx_096494454/libs/rpc-common/src/mg_rpc/mg_rpc_channel_ws.c -> /fwbuild-volumes/latest/apps/openhab_sonoff_basic/esp8266/build_contexts/build_ctx_096494454/build/objs/mg_rpc_channel_ws.c.o
  CC    ./src/core/raw.c -> /fwbuild-volumes/latest/apps/openhab_sonoff_basic/esp8266/build_contexts/build_ctx_096494454/build/objs/lwip/raw.o
  CC    /fwbuild-volumes/latest/apps/openhab_sonoff_basic/esp8266/build_contexts/build_ctx_096494454/libs/rpc-common/src/mgos_rpc.c -> /fwbuild-volumes/latest/apps/openhab_sonoff_basic/esp8266/build_contexts/build_ctx_096494454/build/objs/mgos_rpc.c.o
  CC    /fwbuild-volumes/latest/apps/openhab_sonoff_basic/esp8266/build_contexts/build_ctx_096494454/libs/rpc-loopback/src/mg_rpc_channel_loopback.c -> /fwbuild-volumes/latest/apps/openhab_sonoff_basic/esp8266/build_contexts/build_ctx_096494454/build/objs/mg_rpc_channel_loopback.c.o
  CC    /fwbuild-volumes/latest/apps/openhab_sonoff_basic/esp8266/build_contexts/build_ctx_096494454/libs/rpc-service-config/src/mgos_service_config.c -> /fwbuild-volumes/latest/apps/openhab_sonoff_basic/esp8266/build_contexts/build_ctx_096494454/build/objs/mgos_service_config.c.o
  CC    /fwbuild-volumes/latest/apps/openhab_sonoff_basic/esp8266/build_contexts/build_ctx_096494454/libs/rpc-service-fs/src/mgos_service_filesystem.c -> /fwbuild-volumes/latest/apps/openhab_sonoff_basic/esp8266/build_contexts/build_ctx_096494454/build/objs/mgos_service_filesystem.c.o
  CC    /fwbuild-volumes/latest/apps/openhab_sonoff_basic/esp8266/build_contexts/build_ctx_096494454/libs/rpc-uart/src/mgos_rpc_channel_uart.c -> /fwbuild-volumes/latest/apps/openhab_sonoff_basic/esp8266/build_contexts/build_ctx_096494454/build/objs/mgos_rpc_channel_uart.c.o
LD /fwbuild-volumes/latest/apps/openhab_sonoff_basic/esp8266/build_contexts/build_ctx_096494454/build/objs/rboot/rboot.elf
  CC    /fwbuild-volumes/latest/apps/openhab_sonoff_basic/esp8266/build_contexts/build_ctx_096494454/libs/spi/src/mgos_spi.c -> /fwbuild-volumes/latest/apps/openhab_sonoff_basic/esp8266/build_contexts/build_ctx_096494454/build/objs/mgos_spi.c.o
  CC    /fwbuild-volumes/latest/apps/openhab_sonoff_basic/esp8266/build_contexts/build_ctx_096494454/libs/spi/src/mgos_spi_mjs.c -> /fwbuild-volumes/latest/apps/openhab_sonoff_basic/esp8266/build_contexts/build_ctx_096494454/build/objs/mgos_spi_mjs.c.o
  CC    /fwbuild-volumes/latest/apps/openhab_sonoff_basic/esp8266/build_contexts/build_ctx_096494454/libs/spi/src/common_gpio/mgos_spi_gpio.c -> /fwbuild-volumes/latest/apps/openhab_sonoff_basic/esp8266/build_contexts/build_ctx_096494454/build/objs/mgos_spi_gpio.c.o
E2 /fwbuild-volumes/latest/apps/openhab_sonoff_basic/esp8266/build_contexts/build_ctx_096494454/build/objs/rboot/rboot.bin
  CC    ./src/core/tcp.c -> /fwbuild-volumes/latest/apps/openhab_sonoff_basic/esp8266/build_contexts/build_ctx_096494454/build/objs/lwip/tcp.o
  CC    ./src/core/sntp.c -> /fwbuild-volumes/latest/apps/openhab_sonoff_basic/esp8266/build_contexts/build_ctx_096494454/build/objs/lwip/sntp.o
  CC    /fwbuild-volumes/latest/apps/openhab_sonoff_basic/esp8266/build_contexts/build_ctx_096494454/libs/vfs-dev-spi-flash/src/mgos_vfs_dev_spi_flash.c -> /fwbuild-volumes/latest/apps/openhab_sonoff_basic/esp8266/build_contexts/build_ctx_096494454/build/objs/mgos_vfs_dev_spi_flash.c.o
  CC    /fwbuild-volumes/latest/apps/openhab_sonoff_basic/esp8266/build_contexts/build_ctx_096494454/build/gen/ffi_exports.c -> /fwbuild-volumes/latest/apps/openhab_sonoff_basic/esp8266/build_contexts/build_ctx_096494454/build/objs/ffi_exports.c.o
  CC    /mongoose-os/common/cs_file.c -> /fwbuild-volumes/latest/apps/openhab_sonoff_basic/esp8266/build_contexts/build_ctx_096494454/build/objs/cs_file.c.o
  CC    /mongoose-os/common/cs_rbuf.c -> /fwbuild-volumes/latest/apps/openhab_sonoff_basic/esp8266/build_contexts/build_ctx_096494454/build/objs/cs_rbuf.c.o
  CC    /mongoose-os/fw/src/mgos_config_util.c -> /fwbuild-volumes/latest/apps/openhab_sonoff_basic/esp8266/build_contexts/build_ctx_096494454/build/objs/mgos_config_util.c.o
  CC    /mongoose-os/fw/src/mgos_dlsym.c -> /fwbuild-volumes/latest/apps/openhab_sonoff_basic/esp8266/build_contexts/build_ctx_096494454/build/objs/mgos_dlsym.c.o
  CC    /mongoose-os/fw/src/mgos_gpio.c -> /fwbuild-volumes/latest/apps/openhab_sonoff_basic/esp8266/build_contexts/build_ctx_096494454/build/objs/mgos_gpio.c.o
  CC    /mongoose-os/fw/src/mgos_hooks.c -> /fwbuild-volumes/latest/apps/openhab_sonoff_basic/esp8266/build_contexts/build_ctx_096494454/build/objs/mgos_hooks.c.o
  CC    /mongoose-os/fw/src/mgos_init.c -> /fwbuild-volumes/latest/apps/openhab_sonoff_basic/esp8266/build_contexts/build_ctx_096494454/build/objs/mgos_init.c.o
  CC    /mongoose-os/fw/src/mgos_timers.c -> /fwbuild-volumes/latest/apps/openhab_sonoff_basic/esp8266/build_contexts/build_ctx_096494454/build/objs/mgos_timers.c.o
  CC    /mongoose-os/fw/src/mgos_mmap_esp.c -> /fwbuild-volumes/latest/apps/openhab_sonoff_basic/esp8266/build_contexts/build_ctx_096494454/build/objs/mgos_mmap_esp.c.o
  CC    /mongoose-os/fw/src/mgos_hw_timers.c -> /fwbuild-volumes/latest/apps/openhab_sonoff_basic/esp8266/build_contexts/build_ctx_096494454/build/objs/mgos_hw_timers.c.o
  CC    /mongoose-os/fw/src/mgos_mongoose.c -> /fwbuild-volumes/latest/apps/openhab_sonoff_basic/esp8266/build_contexts/build_ctx_096494454/build/objs/mgos_mongoose.c.o
  CC    /mongoose-os/fw/src/mgos_sys_config.c -> /fwbuild-volumes/latest/apps/openhab_sonoff_basic/esp8266/build_contexts/build_ctx_096494454/build/objs/mgos_sys_config.c.o
  CC    /fwbuild-volumes/latest/apps/openhab_sonoff_basic/esp8266/build_contexts/build_ctx_096494454/build/gen/mgos_config.c -> /fwbuild-volumes/latest/apps/openhab_sonoff_basic/esp8266/build_contexts/build_ctx_096494454/build/objs/mgos_config.c.o
  CC    /fwbuild-volumes/latest/apps/openhab_sonoff_basic/esp8266/build_contexts/build_ctx_096494454/build/gen/mgos_ro_vars.c -> /fwbuild-volumes/latest/apps/openhab_sonoff_basic/esp8266/build_contexts/build_ctx_096494454/build/objs/mgos_ro_vars.c.o
  CC    /mongoose-os/fw/src/mgos_system.c -> /fwbuild-volumes/latest/apps/openhab_sonoff_basic/esp8266/build_contexts/build_ctx_096494454/build/objs/mgos_system.c.o
  CC    /mongoose-os/fw/src/mgos_uart.c -> /fwbuild-volumes/latest/apps/openhab_sonoff_basic/esp8266/build_contexts/build_ctx_096494454/build/objs/mgos_uart.c.o
  CC    ./src/core/def.c -> /fwbuild-volumes/latest/apps/openhab_sonoff_basic/esp8266/build_contexts/build_ctx_096494454/build/objs/lwip/def.o
  CC    /mongoose-os/fw/src/mgos_utils.c -> /fwbuild-volumes/latest/apps/openhab_sonoff_basic/esp8266/build_contexts/build_ctx_096494454/build/objs/mgos_utils.c.o
  CC    /mongoose-os/fw/src/mgos_vfs.c -> /fwbuild-volumes/latest/apps/openhab_sonoff_basic/esp8266/build_contexts/build_ctx_096494454/build/objs/mgos_vfs.c.o
  CC    /mongoose-os/fw/src/mgos_vfs_dev.c -> /fwbuild-volumes/latest/apps/openhab_sonoff_basic/esp8266/build_contexts/build_ctx_096494454/build/objs/mgos_vfs_dev.c.o
  CC    /mongoose-os/fw/src/mgos_vfs_fs_spiffs.c -> /fwbuild-volumes/latest/apps/openhab_sonoff_basic/esp8266/build_contexts/build_ctx_096494454/build/objs/mgos_vfs_fs_spiffs.c.o
  CC    /mongoose-os/common/cs_crc32.c -> /fwbuild-volumes/latest/apps/openhab_sonoff_basic/esp8266/build_contexts/build_ctx_096494454/build/objs/cs_crc32.c.o
  CC    /mongoose-os/common/platforms/esp8266/rboot/rboot/appcode/rboot-bigflash.c -> /fwbuild-volumes/latest/apps/openhab_sonoff_basic/esp8266/build_contexts/build_ctx_096494454/build/objs/rboot-bigflash.c.o
  CC    ./src/core/netif.c -> /fwbuild-volumes/latest/apps/openhab_sonoff_basic/esp8266/build_contexts/build_ctx_096494454/build/objs/lwip/netif.o
  CC    /mongoose-os/common/platforms/esp8266/rboot/rboot/appcode/rboot-api.c -> /fwbuild-volumes/latest/apps/openhab_sonoff_basic/esp8266/build_contexts/build_ctx_096494454/build/objs/rboot-api.c.o
  CC    ./src/core/stats.c -> /fwbuild-volumes/latest/apps/openhab_sonoff_basic/esp8266/build_contexts/build_ctx_096494454/build/objs/lwip/stats.o
  CC    /mongoose-os/common/json_utils.c -> /fwbuild-volumes/latest/apps/openhab_sonoff_basic/esp8266/build_contexts/build_ctx_096494454/build/objs/json_utils.c.o
  CC    /mongoose-os/common/umm_malloc/umm_malloc.c -> /fwbuild-volumes/latest/apps/openhab_sonoff_basic/esp8266/build_contexts/build_ctx_096494454/build/objs/umm_malloc.c.o
  CC    /mongoose-os/mongoose/mongoose.c -> /fwbuild-volumes/latest/apps/openhab_sonoff_basic/esp8266/build_contexts/build_ctx_096494454/build/objs/mongoose.c.o
  CC    /mongoose-os/frozen/frozen.c -> /fwbuild-volumes/latest/apps/openhab_sonoff_basic/esp8266/build_contexts/build_ctx_096494454/build/objs/frozen.c.o
  CC    /mongoose-os/fw/platforms/esp8266/src/esp_config.c -> /fwbuild-volumes/latest/apps/openhab_sonoff_basic/esp8266/build_contexts/build_ctx_096494454/build/objs/esp_config.c.o
  CC    /mongoose-os/fw/platforms/esp8266/src/esp_coredump.c -> /fwbuild-volumes/latest/apps/openhab_sonoff_basic/esp8266/build_contexts/build_ctx_096494454/build/objs/esp_coredump.c.o
  CC    ./src/core/timers.c -> /fwbuild-volumes/latest/apps/openhab_sonoff_basic/esp8266/build_contexts/build_ctx_096494454/build/objs/lwip/timers.o
  CC    /mongoose-os/fw/platforms/esp8266/src/esp_debug.c -> /fwbuild-volumes/latest/apps/openhab_sonoff_basic/esp8266/build_contexts/build_ctx_096494454/build/objs/esp_debug.c.o
  CC    /mongoose-os/fw/platforms/esp8266/src/esp_exc.c -> /fwbuild-volumes/latest/apps/openhab_sonoff_basic/esp8266/build_contexts/build_ctx_096494454/build/objs/esp_exc.c.o
  CC    /mongoose-os/fw/platforms/esp8266/src/esp_flash_writer.c -> /fwbuild-volumes/latest/apps/openhab_sonoff_basic/esp8266/build_contexts/build_ctx_096494454/build/objs/esp_flash_writer.c.o
  CC    /mongoose-os/fw/platforms/esp8266/src/esp_fs.c -> /fwbuild-volumes/latest/apps/openhab_sonoff_basic/esp8266/build_contexts/build_ctx_096494454/build/objs/esp_fs.c.o
  CC    /mongoose-os/fw/platforms/esp8266/src/esp_gpio.c -> /fwbuild-volumes/latest/apps/openhab_sonoff_basic/esp8266/build_contexts/build_ctx_096494454/build/objs/esp_gpio.c.o
  CC    /mongoose-os/fw/platforms/esp8266/src/esp_hal.c -> /fwbuild-volumes/latest/apps/openhab_sonoff_basic/esp8266/build_contexts/build_ctx_096494454/build/objs/esp_hal.c.o
  CC    /mongoose-os/fw/platforms/esp8266/src/esp_heap_trace.c -> /fwbuild-volumes/latest/apps/openhab_sonoff_basic/esp8266/build_contexts/build_ctx_096494454/build/objs/esp_heap_trace.c.o
  CC    /mongoose-os/fw/platforms/esp8266/src/esp_hw_timers.c -> /fwbuild-volumes/latest/apps/openhab_sonoff_basic/esp8266/build_contexts/build_ctx_096494454/build/objs/esp_hw_timers.c.o
  CC    /mongoose-os/fw/platforms/esp8266/src/esp_hw_wdt.c -> /fwbuild-volumes/latest/apps/openhab_sonoff_basic/esp8266/build_contexts/build_ctx_096494454/build/objs/esp_hw_wdt.c.o
  CC    /mongoose-os/fw/platforms/esp8266/src/esp_libc.c -> /fwbuild-volumes/latest/apps/openhab_sonoff_basic/esp8266/build_contexts/build_ctx_096494454/build/objs/esp_libc.c.o
  CC    /mongoose-os/fw/platforms/esp8266/src/esp_main.c -> /fwbuild-volumes/latest/apps/openhab_sonoff_basic/esp8266/build_contexts/build_ctx_096494454/build/objs/esp_main.c.o
  CC    /mongoose-os/fw/platforms/esp8266/src/esp_mdns.c -> /fwbuild-volumes/latest/apps/openhab_sonoff_basic/esp8266/build_contexts/build_ctx_096494454/build/objs/esp_mdns.c.o
  CC    ./src/core/pbuf.c -> /fwbuild-volumes/latest/apps/openhab_sonoff_basic/esp8266/build_contexts/build_ctx_096494454/build/objs/lwip/pbuf.o
  CC    /mongoose-os/fw/platforms/esp8266/src/esp_periph.c -> /fwbuild-volumes/latest/apps/openhab_sonoff_basic/esp8266/build_contexts/build_ctx_096494454/build/objs/esp_periph.c.o
  CC    /mongoose-os/fw/platforms/esp8266/src/esp_uart.c -> /fwbuild-volumes/latest/apps/openhab_sonoff_basic/esp8266/build_contexts/build_ctx_096494454/build/objs/esp_uart.c.o
  CC    /mongoose-os/fw/platforms/esp8266/src/esp_updater.c -> /fwbuild-volumes/latest/apps/openhab_sonoff_basic/esp8266/build_contexts/build_ctx_096494454/build/objs/esp_updater.c.o
  CC    ./src/core/udp.c -> /fwbuild-volumes/latest/apps/openhab_sonoff_basic/esp8266/build_contexts/build_ctx_096494454/build/objs/lwip/udp.o
  CC    /mongoose-os/fw/platforms/esp8266/src/esp_vfs_dev_sysflash.c -> /fwbuild-volumes/latest/apps/openhab_sonoff_basic/esp8266/build_contexts/build_ctx_096494454/build/objs/esp_vfs_dev_sysflash.c.o
  CC    /mongoose-os/common/spiffs/spiffs_cache.c -> /fwbuild-volumes/latest/apps/openhab_sonoff_basic/esp8266/build_contexts/build_ctx_096494454/build/objs/spiffs_cache.c.o
  CC    /mongoose-os/common/spiffs/spiffs_gc.c -> /fwbuild-volumes/latest/apps/openhab_sonoff_basic/esp8266/build_contexts/build_ctx_096494454/build/objs/spiffs_gc.c.o
  CC    ./src/core/tcp_out.c -> /fwbuild-volumes/latest/apps/openhab_sonoff_basic/esp8266/build_contexts/build_ctx_096494454/build/objs/lwip/tcp_out.o
  CC    /mongoose-os/common/spiffs/spiffs_nucleus.c -> /fwbuild-volumes/latest/apps/openhab_sonoff_basic/esp8266/build_contexts/build_ctx_096494454/build/objs/spiffs_nucleus.c.o
  CC    /mongoose-os/common/spiffs/spiffs_check.c -> /fwbuild-volumes/latest/apps/openhab_sonoff_basic/esp8266/build_contexts/build_ctx_096494454/build/objs/spiffs_check.c.o
  CC    /mongoose-os/common/spiffs/spiffs_hydrogen.c -> /fwbuild-volumes/latest/apps/openhab_sonoff_basic/esp8266/build_contexts/build_ctx_096494454/build/objs/spiffs_hydrogen.c.o
  CC    /mongoose-os/common/platforms/esp8266/esp_crypto.c -> /fwbuild-volumes/latest/apps/openhab_sonoff_basic/esp8266/build_contexts/build_ctx_096494454/build/objs/esp_crypto.c.o
  CC    /mongoose-os/common/platforms/esp8266/esp_umm_malloc.c -> /fwbuild-volumes/latest/apps/openhab_sonoff_basic/esp8266/build_contexts/build_ctx_096494454/build/objs/esp_umm_malloc.c.o
  CC    /mongoose-os/fw/src/mgos_debug.c -> /fwbuild-volumes/latest/apps/openhab_sonoff_basic/esp8266/build_contexts/build_ctx_096494454/build/objs/mgos_debug.c.o
  CC    /mongoose-os/fw/src/mgos_net.c -> /fwbuild-volumes/latest/apps/openhab_sonoff_basic/esp8266/build_contexts/build_ctx_096494454/build/objs/mgos_net.c.o
  CC    /mongoose-os/fw/src/mgos_bitbang.c -> /fwbuild-volumes/latest/apps/openhab_sonoff_basic/esp8266/build_contexts/build_ctx_096494454/build/objs/mgos_bitbang.c.o
  CC    /mongoose-os/fw/src/mgos_sntp.c -> /fwbuild-volumes/latest/apps/openhab_sonoff_basic/esp8266/build_contexts/build_ctx_096494454/build/objs/mgos_sntp.c.o
  CC    /mongoose-os/fw/platforms/esp8266/src/esp_exc_non_os.c -> /fwbuild-volumes/latest/apps/openhab_sonoff_basic/esp8266/build_contexts/build_ctx_096494454/build/objs/esp_exc_non_os.c.o
  AS    /mongoose-os/fw/platforms/esp8266/src/esp_exc_vectors.S -> /fwbuild-volumes/latest/apps/openhab_sonoff_basic/esp8266/build_contexts/build_ctx_096494454/build/objs/esp_exc_vectors.S.o
  AS    /mongoose-os/fw/platforms/esp8266/src/esp_nsleep100.S -> /fwbuild-volumes/latest/apps/openhab_sonoff_basic/esp8266/build_contexts/build_ctx_096494454/build/objs/esp_nsleep100.S.o
  CP    /fwbuild-volumes/latest/apps/openhab_sonoff_basic/esp8266/build_contexts/build_ctx_096494454/libs/mjs/fs/api_bitbang.js -> build/fs
  CP    /fwbuild-volumes/latest/apps/openhab_sonoff_basic/esp8266/build_contexts/build_ctx_096494454/libs/mjs/fs/api_config.js -> build/fs
  CP    /fwbuild-volumes/latest/apps/openhab_sonoff_basic/esp8266/build_contexts/build_ctx_096494454/libs/mjs/fs/api_gpio.js -> build/fs
  CP    /fwbuild-volumes/latest/apps/openhab_sonoff_basic/esp8266/build_contexts/build_ctx_096494454/libs/mjs/fs/api_grove.js -> build/fs
  CP    /fwbuild-volumes/latest/apps/openhab_sonoff_basic/esp8266/build_contexts/build_ctx_096494454/libs/mjs/fs/api_http.js -> build/fs
  CP    /fwbuild-volumes/latest/apps/openhab_sonoff_basic/esp8266/build_contexts/build_ctx_096494454/libs/mjs/fs/api_log.js -> build/fs
  CP    /fwbuild-volumes/latest/apps/openhab_sonoff_basic/esp8266/build_contexts/build_ctx_096494454/libs/mjs/fs/api_neopixel.js -> build/fs
  CP    /fwbuild-volumes/latest/apps/openhab_sonoff_basic/esp8266/build_contexts/build_ctx_096494454/libs/mjs/fs/api_net.js -> build/fs
  CP    /fwbuild-volumes/latest/apps/openhab_sonoff_basic/esp8266/build_contexts/build_ctx_096494454/libs/mjs/fs/api_sys.js -> build/fs
  CP    /fwbuild-volumes/latest/apps/openhab_sonoff_basic/esp8266/build_contexts/build_ctx_096494454/libs/mjs/fs/api_timer.js -> build/fs
  CP    /fwbuild-volumes/latest/apps/openhab_sonoff_basic/esp8266/build_contexts/build_ctx_096494454/libs/mjs/fs/api_uart.js -> build/fs
  CP    /fwbuild-volumes/latest/apps/openhab_sonoff_basic/esp8266/build_contexts/build_ctx_096494454/libs/mjs/fs/init.js -> build/fs
  CP    /fwbuild-volumes/latest/apps/openhab_sonoff_basic/esp8266/build_contexts/build_ctx_096494454/modules/mjs-latest/mjs/lib/api_dataview.js -> build/fs
  CP    /fwbuild-volumes/latest/apps/openhab_sonoff_basic/esp8266/build_contexts/build_ctx_096494454/modules/mjs-latest/mjs/lib/api_file.js -> build/fs
  CP    /fwbuild-volumes/latest/apps/openhab_sonoff_basic/esp8266/build_contexts/build_ctx_096494454/modules/mjs-latest/mjs/lib/api_math.js -> build/fs
  CP    /fwbuild-volumes/latest/apps/openhab_sonoff_basic/esp8266/build_contexts/build_ctx_096494454/libs/wifi/mjs_fs/api_wifi.js -> build/fs
  CP    /fwbuild-volumes/latest/apps/openhab_sonoff_basic/esp8266/build_contexts/build_ctx_096494454/libs/mqtt/mjs_fs/api_mqtt.js -> build/fs
  CP    /fwbuild-volumes/latest/apps/openhab_sonoff_basic/esp8266/build_contexts/build_ctx_096494454/libs/rpc-common/mjs_fs/api_rpc.js -> build/fs
  CP    /fwbuild-volumes/latest/apps/openhab_sonoff_basic/esp8266/build_contexts/build_ctx_096494454/libs/spi/mjs_fs/api_spi.js -> build/fs
  CP    /fwbuild-volumes/latest/apps/openhab_sonoff_basic/esp8266/build_contexts/build_ctx_096494454/libs/mjs/esp8266/fs/api_arch_uart.js -> build/fs
  CP    /fwbuild-volumes/latest/apps/openhab_sonoff_basic/esp8266/build_contexts/build_ctx_096494454/libs/mjs/esp8266/fs/api_esp8266.js -> build/fs
  CP    /fwbuild-volumes/latest/apps/openhab_sonoff_basic/esp8266/build_contexts/build_ctx_096494454/fs/init.js -> build/fs
  CC    ./src/core/ipv4/ip_frag.c -> /fwbuild-volumes/latest/apps/openhab_sonoff_basic/esp8266/build_contexts/build_ctx_096494454/build/objs/lwip/ip_frag.o
  CP    /fwbuild-volumes/latest/apps/openhab_sonoff_basic/esp8266/build_contexts/build_ctx_096494454/fs/schedules.json -> build/fs
  CP    /fwbuild-volumes/latest/apps/openhab_sonoff_basic/esp8266/build_contexts/build_ctx_096494454/build/gen/conf0.json -> build/fs
  CP    /fwbuild-volumes/latest/apps/openhab_sonoff_basic/esp8266/build_contexts/build_ctx_096494454/build/gen/mgos_config_schema.json -> build/fs
  CP    /fwbuild-volumes/latest/apps/openhab_sonoff_basic/esp8266/build_contexts/build_ctx_096494454/build/gen/mgos_ro_vars_schema.json -> build/fs
  MKFS  /usr/local/bin/mkspiffs8 131072 4096 256 4096 build/fs -> /fwbuild-volumes/latest/apps/openhab_sonoff_basic/esp8266/build_contexts/build_ctx_096494454/build/objs/fw_temp/fs.bin
     Adding api_file.js: 2105
     Adding conf0.json: 2913
     Adding api_math.js: 1890
     Adding api_esp8266.js: 231
     Adding api_dataview.js: 7433
     Adding api_wifi.js: 1020
     Adding api_grove.js: 2327
     Adding api_http.js: 3811
     Adding api_bitbang.js: 815
     Adding mgos_config_schema.json: 8296
     Adding api_timer.js: 1729
     Adding init.js: 838
     Adding api_config.js: 2170
     Adding api_neopixel.js: 2191
     Adding api_mqtt.js: 2764
     Adding api_spi.js: 3980
     Adding api_sys.js: 1641
     Adding api_arch_uart.js: 651
     Adding mgos_ro_vars_schema.json: 332
     Adding api_gpio.js: 2731
     Adding api_log.js: 2005
     Adding api_net.js:   CC    ./src/core/ipv4/inet.c -> /fwbuild-volumes/latest/apps/openhab_sonoff_basic/esp8266/build_contexts/build_ctx_096494454/build/objs/lwip/inet.o
5074
     Adding api_uart.js: 5772
     Adding schedules.json: 132
     Adding api_rpc.js: 2741
     Image stats: size=131072, space: total=113201, used=74798, free=38403
  CC    ./src/core/ipv4/ip_addr.c -> /fwbuild-volumes/latest/apps/openhab_sonoff_basic/esp8266/build_contexts/build_ctx_096494454/build/objs/lwip/ip_addr.o
  CC    ./src/core/ipv4/igmp.c -> /fwbuild-volumes/latest/apps/openhab_sonoff_basic/esp8266/build_contexts/build_ctx_096494454/build/objs/lwip/igmp.o
  CC    ./src/core/ipv4/ip.c -> /fwbuild-volumes/latest/apps/openhab_sonoff_basic/esp8266/build_contexts/build_ctx_096494454/build/objs/lwip/ip.o
  CC    ./src/core/ipv4/autoip.c -> /fwbuild-volumes/latest/apps/openhab_sonoff_basic/esp8266/build_contexts/build_ctx_096494454/build/objs/lwip/autoip.o
  CC    ./src/core/ipv4/inet_chksum.c -> /fwbuild-volumes/latest/apps/openhab_sonoff_basic/esp8266/build_contexts/build_ctx_096494454/build/objs/lwip/inet_chksum.o
  CC    ./src/core/ipv4/icmp.c -> /fwbuild-volumes/latest/apps/openhab_sonoff_basic/esp8266/build_contexts/build_ctx_096494454/build/objs/lwip/icmp.o
  CC    ./src/api/netdb.c -> /fwbuild-volumes/latest/apps/openhab_sonoff_basic/esp8266/build_contexts/build_ctx_096494454/build/objs/lwip/netdb.o
  CC    ./src/api/api_lib.c -> /fwbuild-volumes/latest/apps/openhab_sonoff_basic/esp8266/build_contexts/build_ctx_096494454/build/objs/lwip/api_lib.o
  CC    ./src/api/netifapi.c -> /fwbuild-volumes/latest/apps/openhab_sonoff_basic/esp8266/build_contexts/build_ctx_096494454/build/objs/lwip/netifapi.o
  CC    ./src/api/tcpip.c -> /fwbuild-volumes/latest/apps/openhab_sonoff_basic/esp8266/build_contexts/build_ctx_096494454/build/objs/lwip/tcpip.o
  CC    ./src/api/netbuf.c -> /fwbuild-volumes/latest/apps/openhab_sonoff_basic/esp8266/build_contexts/build_ctx_096494454/build/objs/lwip/netbuf.o
  CC    ./src/api/err.c -> /fwbuild-volumes/latest/apps/openhab_sonoff_basic/esp8266/build_contexts/build_ctx_096494454/build/objs/lwip/err.o
  CC    ./src/api/api_msg.c -> /fwbuild-volumes/latest/apps/openhab_sonoff_basic/esp8266/build_contexts/build_ctx_096494454/build/objs/lwip/api_msg.o
  CC    ./src/api/sockets.c -> /fwbuild-volumes/latest/apps/openhab_sonoff_basic/esp8266/build_contexts/build_ctx_096494454/build/objs/lwip/sockets.o
  CC    ./espressif/app/espconn.c -> /fwbuild-volumes/latest/apps/openhab_sonoff_basic/esp8266/build_contexts/build_ctx_096494454/build/objs/lwip/espconn.o
  CC    ./espressif/app/espconn_buf.c -> /fwbuild-volumes/latest/apps/openhab_sonoff_basic/esp8266/build_contexts/build_ctx_096494454/build/objs/lwip/espconn_buf.o
  CC    ./espressif/app/netio.c -> /fwbuild-volumes/latest/apps/openhab_sonoff_basic/esp8266/build_contexts/build_ctx_096494454/build/objs/lwip/netio.o
  CC    ./espressif/app/espconn_tcp.c -> /fwbuild-volumes/latest/apps/openhab_sonoff_basic/esp8266/build_contexts/build_ctx_096494454/build/objs/lwip/espconn_tcp.o
  CC    ./espressif/app/ping.c -> /fwbuild-volumes/latest/apps/openhab_sonoff_basic/esp8266/build_contexts/build_ctx_096494454/build/objs/lwip/ping.o
  CC    ./espressif/app/dhcpserver.c -> /fwbuild-volumes/latest/apps/openhab_sonoff_basic/esp8266/build_contexts/build_ctx_096494454/build/objs/lwip/dhcpserver.o
  CC    ./espressif/app/espconn_mdns.c -> /fwbuild-volumes/latest/apps/openhab_sonoff_basic/esp8266/build_contexts/build_ctx_096494454/build/objs/lwip/espconn_mdns.o
  CC    ./espressif/app/espconn_udp.c -> /fwbuild-volumes/latest/apps/openhab_sonoff_basic/esp8266/build_contexts/build_ctx_096494454/build/objs/lwip/espconn_udp.o
  AR /fwbuild-volumes/latest/apps/openhab_sonoff_basic/esp8266/build_contexts/build_ctx_096494454/build/objs/lwip/liblwip_cs.a
make[1]: Leaving directory '/mongoose-os/common/platforms/esp8266/lwip'
  GEN   /fwbuild-volumes/latest/apps/openhab_sonoff_basic/esp8266/build_contexts/build_ctx_096494454/build/gen/mg_build_info.c
  AR    /fwbuild-volumes/latest/apps/openhab_sonoff_basic/esp8266/build_contexts/build_ctx_096494454/build/objs/mongoose-os.a
  GEN   /fwbuild-volumes/latest/apps/openhab_sonoff_basic/esp8266/build_contexts/build_ctx_096494454/build/gen/build_info.c
  CC    /fwbuild-volumes/latest/apps/openhab_sonoff_basic/esp8266/build_contexts/build_ctx_096494454/build/gen/build_info.c -> /fwbuild-volumes/latest/apps/openhab_sonoff_basic/esp8266/build_contexts/build_ctx_096494454/build/objs/build_info.c.o
  CC    /fwbuild-volumes/latest/apps/openhab_sonoff_basic/esp8266/build_contexts/build_ctx_096494454/build/gen/mg_build_info.c -> /fwbuild-volumes/latest/apps/openhab_sonoff_basic/esp8266/build_contexts/build_ctx_096494454/build/objs/mg_build_info.c.o
  LD    /fwbuild-volumes/latest/apps/openhab_sonoff_basic/esp8266/build_contexts/build_ctx_096494454/build/objs/openhab_sonoff_basic.elf
  FW    /fwbuild-volumes/latest/apps/openhab_sonoff_basic/esp8266/build_contexts/build_ctx_096494454/build/objs/openhab_sonoff_basic.elf -> /fwbuild-volumes/latest/apps/openhab_sonoff_basic/esp8266/build_contexts/build_ctx_096494454/build/objs/openhab_sonoff_basic.bin
  Generating breakdown
  GEN    /fwbuild-volumes/latest/apps/openhab_sonoff_basic/esp8266/build_contexts/build_ctx_096494454/build/objs/fw_temp/manifest.json
  ZIP    /app/build/fw/openhab_sonoff_basic-esp8266-last.zip
     Adding /fwbuild-volumes/latest/apps/openhab_sonoff_basic/esp8266/build_contexts/build_ctx_096494454/build/objs/fw_temp/esp_init_data_default.bin
     Adding /fwbuild-volumes/latest/apps/openhab_sonoff_basic/esp8266/build_contexts/build_ctx_096494454/build/objs/fw_temp/fs.bin
     Adding /fwbuild-volumes/latest/apps/openhab_sonoff_basic/esp8266/build_contexts/build_ctx_096494454/build/objs/fw_temp/openhab_sonoff_basic.bin
     Adding /fwbuild-volumes/latest/apps/openhab_sonoff_basic/esp8266/build_contexts/build_ctx_096494454/build/objs/fw_temp/rboot.bin
  Built openhab_sonoff_basic/esp8266 version 1.1_170818 (20171130-214109/???)
make: Leaving directory '/app'
Success, built openhab_sonoff_basic/esp8266 version 1.1_170818 (20171130-214109/???).
Firmware saved to build/fw.zip
